# JRE version: Java(TM) SE Runtime Environment (14.0.1+7) (build 14.0.1+7)
# Java VM: Java HotSpot(TM) 64-Bit Server VM (14.0.1+7, mixed mode, sharing, tiered, compressed oops, g1 gc, windows-amd64)
Heap:
 garbage-first heap   total 63488K, used 16145K [0x00000000c2400000, 0x0000000100000000)
  region size 1024K, 8 young (8192K), 3 survivors (3072K)
 Metaspace       used 18828K, capacity 19316K, committed 19584K, reserved 1067008K
  class space    used 2243K, capacity 2394K, committed 2432K, reserved 1048576K
GC Heap History (8 events):
Event: 4.543 GC heap before
{Heap before GC invocations=0 (full 0):
 garbage-first heap   total 63488K, used 13312K [0x00000000c2400000, 0x0000000100000000)
  region size 1024K, 13 young (13312K), 0 survivors (0K)
 Metaspace       used 1664K, capacity 4984K, committed 5120K, reserved 1056768K
  class space    used 160K, capacity 469K, committed 512K, reserved 1048576K
}
Event: 4.593 GC heap after
{Heap after GC invocations=1 (full 0):
 garbage-first heap   total 63488K, used 5694K [0x00000000c2400000, 0x0000000100000000)
  region size 1024K, 2 young (2048K), 2 survivors (2048K)
 Metaspace       used 1664K, capacity 4984K, committed 5120K, reserved 1056768K
  class space    used 160K, capacity 469K, committed 512K, reserved 1048576K
}
Event: 7.906 GC heap before
{Heap before GC invocations=1 (full 0):
 garbage-first heap   total 63488K, used 20030K [0x00000000c2400000, 0x0000000100000000)
  region size 1024K, 16 young (16384K), 2 survivors (2048K)
 Metaspace       used 7081K, capacity 7540K, committed 7552K, reserved 1056768K
  class space    used 800K, capacity 889K, committed 896K, reserved 1048576K
}
Event: 7.915 GC heap after
{Heap after GC invocations=2 (full 0):
 garbage-first heap   total 63488K, used 6802K [0x00000000c2400000, 0x0000000100000000)
  region size 1024K, 2 young (2048K), 2 survivors (2048K)
 Metaspace       used 7081K, capacity 7540K, committed 7552K, reserved 1056768K
  class space    used 800K, capacity 889K, committed 896K, reserved 1048576K
}
Event: 10.154 GC heap before
{Heap before GC invocations=2 (full 0):
 garbage-first heap   total 63488K, used 39570K [0x00000000c2400000, 0x0000000100000000)
  region size 1024K, 34 young (34816K), 2 survivors (2048K)
 Metaspace       used 13858K, capacity 14334K, committed 14592K, reserved 1062912K
  class space    used 1594K, capacity 1763K, committed 1792K, reserved 1048576K
}
Event: 10.161 GC heap after
{Heap after GC invocations=3 (full 0):
 garbage-first heap   total 63488K, used 9908K [0x00000000c2400000, 0x0000000100000000)
  region size 1024K, 5 young (5120K), 5 survivors (5120K)
 Metaspace       used 13858K, capacity 14334K, committed 14592K, reserved 1062912K
  class space    used 1594K, capacity 1763K, committed 1792K, reserved 1048576K
}
Event: 16.874 GC heap before
{Heap before GC invocations=3 (full 0):
 garbage-first heap   total 63488K, used 39604K [0x00000000c2400000, 0x0000000100000000)
  region size 1024K, 34 young (34816K), 5 survivors (5120K)
 Metaspace       used 18093K, capacity 18522K, committed 18688K, reserved 1064960K
  class space    used 2134K, capacity 2278K, committed 2304K, reserved 1048576K
}
Event: 16.926 GC heap after
{Heap after GC invocations=4 (full 0):
 garbage-first heap   total 63488K, used 12049K [0x00000000c2400000, 0x0000000100000000)
  region size 1024K, 3 young (3072K), 3 survivors (3072K)
 Metaspace       used 18093K, capacity 18522K, committed 18688K, reserved 1064960K
  class space    used 2134K, capacity 2278K, committed 2304K, reserved 1048576K
}

