# JRE version: Java(TM) SE Runtime Environment (14.0.1+7) (build 14.0.1+7)
# Java VM: Java HotSpot(TM) 64-Bit Server VM (14.0.1+7, mixed mode, sharing, tiered, compressed oops, g1 gc, windows-amd64)
Heap:
 garbage-first heap   total 48128K, used 22582K [0x00000000c2400000, 0x0000000100000000)
  region size 1024K, 12 young (12288K), 1 survivors (1024K)
 Metaspace       used 22878K, capacity 23547K, committed 23856K, reserved 1071104K
  class space    used 2836K, capacity 3090K, committed 3200K, reserved 1048576K
GC Heap History (10 events):
Event: 6.205 GC heap before
{Heap before GC invocations=0 (full 0):
 garbage-first heap   total 63488K, used 13312K [0x00000000c2400000, 0x0000000100000000)
  region size 1024K, 13 young (13312K), 0 survivors (0K)
 Metaspace       used 1652K, capacity 4984K, committed 5120K, reserved 1056768K
  class space    used 160K, capacity 469K, committed 512K, reserved 1048576K
}
Event: 6.236 GC heap after
{Heap after GC invocations=1 (full 0):
 garbage-first heap   total 63488K, used 5419K [0x00000000c2400000, 0x0000000100000000)
  region size 1024K, 2 young (2048K), 2 survivors (2048K)
 Metaspace       used 1652K, capacity 4984K, committed 5120K, reserved 1056768K
  class space    used 160K, capacity 469K, committed 512K, reserved 1048576K
}
Event: 9.721 GC heap before
{Heap before GC invocations=1 (full 0):
 garbage-first heap   total 63488K, used 18731K [0x00000000c2400000, 0x0000000100000000)
  region size 1024K, 15 young (15360K), 2 survivors (2048K)
 Metaspace       used 6758K, capacity 7380K, committed 7552K, reserved 1056768K
  class space    used 770K, capacity 878K, committed 896K, reserved 1048576K
}
Event: 9.864 GC heap after
{Heap after GC invocations=2 (full 0):
 garbage-first heap   total 63488K, used 6649K [0x00000000c2400000, 0x0000000100000000)
  region size 1024K, 2 young (2048K), 2 survivors (2048K)
 Metaspace       used 6758K, capacity 7380K, committed 7552K, reserved 1056768K
  class space    used 770K, capacity 878K, committed 896K, reserved 1048576K
}
Event: 12.336 GC heap before
{Heap before GC invocations=2 (full 0):
 garbage-first heap   total 63488K, used 27129K [0x00000000c2400000, 0x0000000100000000)
  region size 1024K, 22 young (22528K), 2 survivors (2048K)
 Metaspace       used 10456K, capacity 10847K, committed 11136K, reserved 1058816K
  class space    used 1216K, capacity 1349K, committed 1408K, reserved 1048576K
}
Event: 12.344 GC heap after
{Heap after GC invocations=3 (full 0):
 garbage-first heap   total 63488K, used 8123K [0x00000000c2400000, 0x0000000100000000)
  region size 1024K, 3 young (3072K), 3 survivors (3072K)
 Metaspace       used 10456K, capacity 10847K, committed 11136K, reserved 1058816K
  class space    used 1216K, capacity 1349K, committed 1408K, reserved 1048576K
}
Event: 18.139 GC heap before
{Heap before GC invocations=3 (full 0):
 garbage-first heap   total 63488K, used 39867K [0x00000000c2400000, 0x0000000100000000)
  region size 1024K, 34 young (34816K), 3 survivors (3072K)
 Metaspace       used 17985K, capacity 18455K, committed 18688K, reserved 1064960K
  class space    used 2135K, capacity 2278K, committed 2304K, reserved 1048576K
}
Event: 18.187 GC heap after
{Heap after GC invocations=4 (full 0):
 garbage-first heap   total 63488K, used 11461K [0x00000000c2400000, 0x0000000100000000)
  region size 1024K, 5 young (5120K), 5 survivors (5120K)
 Metaspace       used 17985K, capacity 18455K, committed 18688K, reserved 1064960K
  class space    used 2135K, capacity 2278K, committed 2304K, reserved 1048576K
}
Event: 19.316 GC heap before
{Heap before GC invocations=4 (full 0):
 garbage-first heap   total 63488K, used 32965K [0x00000000c2400000, 0x0000000100000000)
  region size 1024K, 27 young (27648K), 5 survivors (5120K)
 Metaspace       used 20577K, capacity 21151K, committed 21296K, reserved 1069056K
  class space    used 2492K, capacity 2688K, committed 2688K, reserved 1048576K
}
Event: 19.333 GC heap after
{Heap after GC invocations=5 (full 0):
 garbage-first heap   total 63488K, used 12342K [0x00000000c2400000, 0x0000000100000000)
  region size 1024K, 1 young (1024K), 1 survivors (1024K)
 Metaspace       used 20577K, capacity 21151K, committed 21296K, reserved 1069056K
  class space    used 2492K, capacity 2688K, committed 2688K, reserved 1048576K
}

